Determining if the pthread_create exist failed with the following output:
Change Dir: /home/shelly/local/CGRA350/assignment3/ass3-local/b/CMakeFiles/CMakeTmp

Run Build Command:"/usr/bin/make" "cmTC_149af/fast"
/usr/bin/make -f CMakeFiles/cmTC_149af.dir/build.make CMakeFiles/cmTC_149af.dir/build
make[1]: Entering directory '/home/shelly/local/CGRA350/assignment3/ass3-local/b/CMakeFiles/CMakeTmp'
Building C object CMakeFiles/cmTC_149af.dir/CheckSymbolExists.c.o
/usr/bin/cc   -w    -o CMakeFiles/cmTC_149af.dir/CheckSymbolExists.c.o   -c /home/shelly/local/CGRA350/assignment3/ass3-local/b/CMakeFiles/CMakeTmp/CheckSymbolExists.c
Linking C executable cmTC_149af
/usr/bin/cmake -E cmake_link_script CMakeFiles/cmTC_149af.dir/link.txt --verbose=1
/usr/bin/cc  -w     -rdynamic CMakeFiles/cmTC_149af.dir/CheckSymbolExists.c.o  -o cmTC_149af 
/usr/bin/ld: CMakeFiles/cmTC_149af.dir/CheckSymbolExists.c.o: in function `main':
CheckSymbolExists.c:(.text+0x1b): undefined reference to `pthread_create'
collect2: error: ld returned 1 exit status
make[1]: *** [CMakeFiles/cmTC_149af.dir/build.make:87: cmTC_149af] Error 1
make[1]: Leaving directory '/home/shelly/local/CGRA350/assignment3/ass3-local/b/CMakeFiles/CMakeTmp'
make: *** [Makefile:121: cmTC_149af/fast] Error 2

File /home/shelly/local/CGRA350/assignment3/ass3-local/b/CMakeFiles/CMakeTmp/CheckSymbolExists.c:
/* */
#include <pthread.h>

int main(int argc, char** argv)
{
  (void)argv;
#ifndef pthread_create
  return ((int*)(&pthread_create))[argc];
#else
  (void)argc;
  return 0;
#endif
}

Determining if the function pthread_create exists in the pthreads failed with the following output:
Change Dir: /home/shelly/local/CGRA350/assignment3/ass3-local/b/CMakeFiles/CMakeTmp

Run Build Command:"/usr/bin/make" "cmTC_688fb/fast"
/usr/bin/make -f CMakeFiles/cmTC_688fb.dir/build.make CMakeFiles/cmTC_688fb.dir/build
make[1]: Entering directory '/home/shelly/local/CGRA350/assignment3/ass3-local/b/CMakeFiles/CMakeTmp'
Building C object CMakeFiles/cmTC_688fb.dir/CheckFunctionExists.c.o
/usr/bin/cc   -w -DCHECK_FUNCTION_EXISTS=pthread_create   -o CMakeFiles/cmTC_688fb.dir/CheckFunctionExists.c.o   -c /usr/share/cmake-3.12/Modules/CheckFunctionExists.c
Linking C executable cmTC_688fb
/usr/bin/cmake -E cmake_link_script CMakeFiles/cmTC_688fb.dir/link.txt --verbose=1
/usr/bin/cc  -w -DCHECK_FUNCTION_EXISTS=pthread_create    -rdynamic CMakeFiles/cmTC_688fb.dir/CheckFunctionExists.c.o  -o cmTC_688fb -lpthreads 
/usr/bin/ld: cannot find -lpthreads
collect2: error: ld returned 1 exit status
make[1]: *** [CMakeFiles/cmTC_688fb.dir/build.make:87: cmTC_688fb] Error 1
make[1]: Leaving directory '/home/shelly/local/CGRA350/assignment3/ass3-local/b/CMakeFiles/CMakeTmp'
make: *** [Makefile:121: cmTC_688fb/fast] Error 2


Determining if the function glXGetProcAddressEXT exists failed with the following output:
Change Dir: /home/shelly/local/CGRA350/assignment3/ass3-local/b/CMakeFiles/CMakeTmp

Run Build Command:"/usr/bin/make" "cmTC_ccc24/fast"
/usr/bin/make -f CMakeFiles/cmTC_ccc24.dir/build.make CMakeFiles/cmTC_ccc24.dir/build
make[1]: Entering directory '/home/shelly/local/CGRA350/assignment3/ass3-local/b/CMakeFiles/CMakeTmp'
Building C object CMakeFiles/cmTC_ccc24.dir/CheckFunctionExists.c.o
/usr/bin/cc   -w -DCHECK_FUNCTION_EXISTS=glXGetProcAddressEXT   -o CMakeFiles/cmTC_ccc24.dir/CheckFunctionExists.c.o   -c /usr/share/cmake-3.12/Modules/CheckFunctionExists.c
Linking C executable cmTC_ccc24
/usr/bin/cmake -E cmake_link_script CMakeFiles/cmTC_ccc24.dir/link.txt --verbose=1
/usr/bin/cc  -w -DCHECK_FUNCTION_EXISTS=glXGetProcAddressEXT    -rdynamic CMakeFiles/cmTC_ccc24.dir/CheckFunctionExists.c.o  -o cmTC_ccc24 /usr/lib/libGL.so 
/usr/bin/ld: CMakeFiles/cmTC_ccc24.dir/CheckFunctionExists.c.o: in function `main':
CheckFunctionExists.c:(.text+0x10): undefined reference to `glXGetProcAddressEXT'
collect2: error: ld returned 1 exit status
make[1]: *** [CMakeFiles/cmTC_ccc24.dir/build.make:88: cmTC_ccc24] Error 1
make[1]: Leaving directory '/home/shelly/local/CGRA350/assignment3/ass3-local/b/CMakeFiles/CMakeTmp'
make: *** [Makefile:121: cmTC_ccc24/fast] Error 2


