Determining if the pthread_create exist failed with the following output:
Change Dir: /home/shelly/local/CGRA350/assignment2/b2/CMakeFiles/CMakeTmp

Run Build Command:"/usr/bin/make" "cmTC_642b8/fast"
/usr/bin/make -f CMakeFiles/cmTC_642b8.dir/build.make CMakeFiles/cmTC_642b8.dir/build
make[1]: Entering directory '/home/shelly/local/CGRA350/assignment2/b2/CMakeFiles/CMakeTmp'
Building C object CMakeFiles/cmTC_642b8.dir/CheckSymbolExists.c.o
/usr/bin/cc   -w    -o CMakeFiles/cmTC_642b8.dir/CheckSymbolExists.c.o   -c /home/shelly/local/CGRA350/assignment2/b2/CMakeFiles/CMakeTmp/CheckSymbolExists.c
Linking C executable cmTC_642b8
/usr/bin/cmake -E cmake_link_script CMakeFiles/cmTC_642b8.dir/link.txt --verbose=1
/usr/bin/cc  -w     -rdynamic CMakeFiles/cmTC_642b8.dir/CheckSymbolExists.c.o  -o cmTC_642b8 
/usr/bin/ld: CMakeFiles/cmTC_642b8.dir/CheckSymbolExists.c.o: in function `main':
CheckSymbolExists.c:(.text+0x1b): undefined reference to `pthread_create'
collect2: error: ld returned 1 exit status
make[1]: *** [CMakeFiles/cmTC_642b8.dir/build.make:87: cmTC_642b8] Error 1
make[1]: Leaving directory '/home/shelly/local/CGRA350/assignment2/b2/CMakeFiles/CMakeTmp'
make: *** [Makefile:121: cmTC_642b8/fast] Error 2

File /home/shelly/local/CGRA350/assignment2/b2/CMakeFiles/CMakeTmp/CheckSymbolExists.c:
/* */
#include <pthread.h>

int main(int argc, char** argv)
{
  (void)argv;
#ifndef pthread_create
  return ((int*)(&pthread_create))[argc];
#else
  (void)argc;
  return 0;
#endif
}

Determining if the function pthread_create exists in the pthreads failed with the following output:
Change Dir: /home/shelly/local/CGRA350/assignment2/b2/CMakeFiles/CMakeTmp

Run Build Command:"/usr/bin/make" "cmTC_ad1c6/fast"
/usr/bin/make -f CMakeFiles/cmTC_ad1c6.dir/build.make CMakeFiles/cmTC_ad1c6.dir/build
make[1]: Entering directory '/home/shelly/local/CGRA350/assignment2/b2/CMakeFiles/CMakeTmp'
Building C object CMakeFiles/cmTC_ad1c6.dir/CheckFunctionExists.c.o
/usr/bin/cc   -w -DCHECK_FUNCTION_EXISTS=pthread_create   -o CMakeFiles/cmTC_ad1c6.dir/CheckFunctionExists.c.o   -c /usr/share/cmake-3.12/Modules/CheckFunctionExists.c
Linking C executable cmTC_ad1c6
/usr/bin/cmake -E cmake_link_script CMakeFiles/cmTC_ad1c6.dir/link.txt --verbose=1
/usr/bin/cc  -w -DCHECK_FUNCTION_EXISTS=pthread_create    -rdynamic CMakeFiles/cmTC_ad1c6.dir/CheckFunctionExists.c.o  -o cmTC_ad1c6 -lpthreads 
/usr/bin/ld: cannot find -lpthreads
collect2: error: ld returned 1 exit status
make[1]: *** [CMakeFiles/cmTC_ad1c6.dir/build.make:87: cmTC_ad1c6] Error 1
make[1]: Leaving directory '/home/shelly/local/CGRA350/assignment2/b2/CMakeFiles/CMakeTmp'
make: *** [Makefile:121: cmTC_ad1c6/fast] Error 2


Determining if the function glXGetProcAddressEXT exists failed with the following output:
Change Dir: /home/shelly/local/CGRA350/assignment2/b2/CMakeFiles/CMakeTmp

Run Build Command:"/usr/bin/make" "cmTC_563ad/fast"
/usr/bin/make -f CMakeFiles/cmTC_563ad.dir/build.make CMakeFiles/cmTC_563ad.dir/build
make[1]: Entering directory '/home/shelly/local/CGRA350/assignment2/b2/CMakeFiles/CMakeTmp'
Building C object CMakeFiles/cmTC_563ad.dir/CheckFunctionExists.c.o
/usr/bin/cc   -w -DCHECK_FUNCTION_EXISTS=glXGetProcAddressEXT   -o CMakeFiles/cmTC_563ad.dir/CheckFunctionExists.c.o   -c /usr/share/cmake-3.12/Modules/CheckFunctionExists.c
Linking C executable cmTC_563ad
/usr/bin/cmake -E cmake_link_script CMakeFiles/cmTC_563ad.dir/link.txt --verbose=1
/usr/bin/cc  -w -DCHECK_FUNCTION_EXISTS=glXGetProcAddressEXT    -rdynamic CMakeFiles/cmTC_563ad.dir/CheckFunctionExists.c.o  -o cmTC_563ad /usr/lib/libGL.so 
/usr/bin/ld: CMakeFiles/cmTC_563ad.dir/CheckFunctionExists.c.o: in function `main':
CheckFunctionExists.c:(.text+0x10): undefined reference to `glXGetProcAddressEXT'
collect2: error: ld returned 1 exit status
make[1]: *** [CMakeFiles/cmTC_563ad.dir/build.make:88: cmTC_563ad] Error 1
make[1]: Leaving directory '/home/shelly/local/CGRA350/assignment2/b2/CMakeFiles/CMakeTmp'
make: *** [Makefile:121: cmTC_563ad/fast] Error 2


